[0.009s] Invoking command in '/home/ymzz-tec/code/ros2_serial_control/build/turbojet_control': CMAKE_PREFIX_PATH=${CMAKE_PREFIX_PATH}:/opt/ros/humble /usr/bin/cmake /home/ymzz-tec/code/ros2_serial_control/src/turbojet_control -DCMAKE_INSTALL_PREFIX=/home/ymzz-tec/code/ros2_serial_control/install/turbojet_control
[0.148s] -- The C compiler identification is GNU 11.4.0
[0.225s] -- The CXX compiler identification is GNU 11.4.0
[0.234s] -- Detecting C compiler ABI info
[0.289s] -- Detecting C compiler ABI info - done
[0.294s] -- Check for working C compiler: /usr/bin/cc - skipped
[0.294s] -- Detecting C compile features
[0.294s] -- Detecting C compile features - done
[0.296s] -- Detecting CXX compiler ABI info
[0.351s] -- Detecting CXX compiler ABI info - done
[0.356s] -- Check for working CXX compiler: /usr/bin/c++ - skipped
[0.356s] -- Detecting CXX compile features
[0.356s] -- Detecting CXX compile features - done
[0.362s] -- Found ament_cmake: 1.3.12 (/opt/ros/humble/share/ament_cmake/cmake)
[0.460s] -- Found Python3: /usr/bin/python3 (found version "3.10.12") found components: Interpreter 
[0.525s] -- Found rclcpp: 16.0.15 (/opt/ros/humble/share/rclcpp/cmake)
[0.555s] -- Found rosidl_generator_c: 3.1.7 (/opt/ros/humble/share/rosidl_generator_c/cmake)
[0.558s] -- Found rosidl_adapter: 3.1.7 (/opt/ros/humble/share/rosidl_adapter/cmake)
[0.564s] -- Found rosidl_generator_cpp: 3.1.7 (/opt/ros/humble/share/rosidl_generator_cpp/cmake)
[0.573s] -- Using all available rosidl_typesupport_c: rosidl_typesupport_fastrtps_c;rosidl_typesupport_introspection_c
[0.583s] -- Using all available rosidl_typesupport_cpp: rosidl_typesupport_fastrtps_cpp;rosidl_typesupport_introspection_cpp
[0.614s] -- Found rmw_implementation_cmake: 6.1.2 (/opt/ros/humble/share/rmw_implementation_cmake/cmake)
[0.615s] -- Found rmw_fastrtps_cpp: 6.2.9 (/opt/ros/humble/share/rmw_fastrtps_cpp/cmake)
[0.677s] -- Found OpenSSL: /usr/lib/x86_64-linux-gnu/libcrypto.so (found version "3.0.2")  
[0.694s] -- Found FastRTPS: /opt/ros/humble/include  
[0.716s] -- Using RMW implementation 'rmw_fastrtps_cpp' as default
[0.722s] -- Looking for pthread.h
[0.779s] -- Looking for pthread.h - found
[0.779s] -- Performing Test CMAKE_HAVE_LIBC_PTHREAD
[0.828s] -- Performing Test CMAKE_HAVE_LIBC_PTHREAD - Success
[0.828s] -- Found Threads: TRUE  
[0.863s] -- Found serial_driver: 1.2.0 (/opt/ros/humble/share/serial_driver/cmake)
[0.877s] -- Found asio_cmake_module: 1.2.0 (/opt/ros/humble/share/asio_cmake_module/cmake)
[0.878s] -- Found ASIO: /usr/include  
[0.920s] -- Found ament_lint_auto: 0.12.14 (/opt/ros/humble/share/ament_lint_auto/cmake)
[0.982s] -- Added test 'copyright' to check source files copyright and LICENSE
[0.983s] -- Added test 'cppcheck' to perform static code analysis on C / C++ code
[0.983s] -- Configured cppcheck include dirs: /home/ymzz-tec/code/ros2_serial_control/src/turbojet_control/include
[0.983s] -- Configured cppcheck exclude dirs and/or files: 
[0.984s] -- Added test 'cpplint' to check C / C++ code against the Google style
[0.984s] -- Configured cpplint exclude dirs and/or files: 
[0.984s] -- Added test 'flake8' to check Python code syntax and style conventions
[0.985s] -- Added test 'lint_cmake' to check CMake code style
[0.985s] -- Added test 'pep257' to check Python code against some of the docstring style conventions in PEP 257
[0.986s] -- Added test 'uncrustify' to check C / C++ code style
[0.986s] -- Configured uncrustify additional arguments: 
[0.986s] -- Added test 'xmllint' to check XML markup files
[0.989s] -- Configuring done
[1.030s] -- Generating done
[1.033s] -- Build files have been written to: /home/ymzz-tec/code/ros2_serial_control/build/turbojet_control
[1.040s] Invoked command in '/home/ymzz-tec/code/ros2_serial_control/build/turbojet_control' returned '0': CMAKE_PREFIX_PATH=${CMAKE_PREFIX_PATH}:/opt/ros/humble /usr/bin/cmake /home/ymzz-tec/code/ros2_serial_control/src/turbojet_control -DCMAKE_INSTALL_PREFIX=/home/ymzz-tec/code/ros2_serial_control/install/turbojet_control
[1.041s] Invoking command in '/home/ymzz-tec/code/ros2_serial_control/build/turbojet_control': CMAKE_PREFIX_PATH=${CMAKE_PREFIX_PATH}:/opt/ros/humble /usr/bin/cmake --build /home/ymzz-tec/code/ros2_serial_control/build/turbojet_control -- -j10 -l10
[1.079s] [ 25%] [32mBuilding CXX object CMakeFiles/signal_generator.dir/src/signal_generator.cpp.o[0m
[2.552s] [01m[K/home/ymzz-tec/code/ros2_serial_control/src/turbojet_control/src/signal_generator.cpp:[m[K In member function ‘[01m[Kuint16_t turbojet_control::SignalGenerator::horizontal_transition(double, double)[m[K’:
[2.559s] [01m[K/home/ymzz-tec/code/ros2_serial_control/src/turbojet_control/src/signal_generator.cpp:251:56:[m[K [01;35m[Kwarning: [m[Kunused parameter ‘[01m[Kt[m[K’ [[01;35m[K]8;;https://gcc.gnu.org/onlinedocs/gcc/Warning-Options.html#index-Wunused-parameter-Wunused-parameter]8;;[m[K]
[2.559s]   251 | uint16_t SignalGenerator::horizontal_transition([01;35m[Kdouble t[m[K, double time_offset)
[2.559s]       |                                                 [01;35m[K~~~~~~~^[m[K
[2.559s] [01m[K/home/ymzz-tec/code/ros2_serial_control/src/turbojet_control/src/signal_generator.cpp:251:66:[m[K [01;35m[Kwarning: [m[Kunused parameter ‘[01m[Ktime_offset[m[K’ [[01;35m[K]8;;https://gcc.gnu.org/onlinedocs/gcc/Warning-Options.html#index-Wunused-parameter-Wunused-parameter]8;;[m[K]
[2.559s]   251 | uint16_t SignalGenerator::horizontal_transition(double t, [01;35m[Kdouble time_offset[m[K)
[2.559s]       |                                                           [01;35m[K~~~~~~~^~~~~~~~~~~[m[K
[70.155s] [ 50%] [32m[1mLinking CXX executable signal_generator[0m
[70.422s] [ 50%] Built target signal_generator
[70.443s] [ 75%] [32mBuilding CXX object CMakeFiles/serial_comm.dir/src/serial_comm.cpp.o[0m
[107.600s] [100%] [32m[1mLinking CXX executable serial_comm[0m
[107.900s] [100%] Built target serial_comm
[107.913s] Invoked command in '/home/ymzz-tec/code/ros2_serial_control/build/turbojet_control' returned '0': CMAKE_PREFIX_PATH=${CMAKE_PREFIX_PATH}:/opt/ros/humble /usr/bin/cmake --build /home/ymzz-tec/code/ros2_serial_control/build/turbojet_control -- -j10 -l10
[107.923s] Invoking command in '/home/ymzz-tec/code/ros2_serial_control/build/turbojet_control': CMAKE_PREFIX_PATH=${CMAKE_PREFIX_PATH}:/opt/ros/humble /usr/bin/cmake --install /home/ymzz-tec/code/ros2_serial_control/build/turbojet_control
[107.928s] -- Install configuration: ""
[107.929s] -- Installing: /home/ymzz-tec/code/ros2_serial_control/install/turbojet_control/lib/turbojet_control/signal_generator
[107.934s] -- Set runtime path of "/home/ymzz-tec/code/ros2_serial_control/install/turbojet_control/lib/turbojet_control/signal_generator" to ""
[107.934s] -- Installing: /home/ymzz-tec/code/ros2_serial_control/install/turbojet_control/lib/turbojet_control/serial_comm
[107.936s] -- Set runtime path of "/home/ymzz-tec/code/ros2_serial_control/install/turbojet_control/lib/turbojet_control/serial_comm" to ""
[107.936s] -- Installing: /home/ymzz-tec/code/ros2_serial_control/install/turbojet_control/share/turbojet_control//launch
[107.936s] -- Installing: /home/ymzz-tec/code/ros2_serial_control/install/turbojet_control/share/turbojet_control//launch/turbojet_control.launch.py
[107.936s] -- Installing: /home/ymzz-tec/code/ros2_serial_control/install/turbojet_control/share/turbojet_control//params
[107.936s] -- Installing: /home/ymzz-tec/code/ros2_serial_control/install/turbojet_control/share/turbojet_control//params/serial_params.yaml
[107.936s] -- Installing: /home/ymzz-tec/code/ros2_serial_control/install/turbojet_control/include/turbojet_control
[107.936s] -- Installing: /home/ymzz-tec/code/ros2_serial_control/install/turbojet_control/include/turbojet_control/signal_generator.hpp
[107.937s] -- Installing: /home/ymzz-tec/code/ros2_serial_control/install/turbojet_control/include/turbojet_control/serial_comm.hpp
[107.937s] -- Installing: /home/ymzz-tec/code/ros2_serial_control/install/turbojet_control/share/ament_index/resource_index/package_run_dependencies/turbojet_control
[107.937s] -- Installing: /home/ymzz-tec/code/ros2_serial_control/install/turbojet_control/share/ament_index/resource_index/parent_prefix_path/turbojet_control
[107.938s] -- Installing: /home/ymzz-tec/code/ros2_serial_control/install/turbojet_control/share/turbojet_control/environment/ament_prefix_path.sh
[107.938s] -- Installing: /home/ymzz-tec/code/ros2_serial_control/install/turbojet_control/share/turbojet_control/environment/ament_prefix_path.dsv
[107.938s] -- Installing: /home/ymzz-tec/code/ros2_serial_control/install/turbojet_control/share/turbojet_control/environment/path.sh
[107.938s] -- Installing: /home/ymzz-tec/code/ros2_serial_control/install/turbojet_control/share/turbojet_control/environment/path.dsv
[107.938s] -- Installing: /home/ymzz-tec/code/ros2_serial_control/install/turbojet_control/share/turbojet_control/local_setup.bash
[107.939s] -- Installing: /home/ymzz-tec/code/ros2_serial_control/install/turbojet_control/share/turbojet_control/local_setup.sh
[107.939s] -- Installing: /home/ymzz-tec/code/ros2_serial_control/install/turbojet_control/share/turbojet_control/local_setup.zsh
[107.939s] -- Installing: /home/ymzz-tec/code/ros2_serial_control/install/turbojet_control/share/turbojet_control/local_setup.dsv
[107.939s] -- Installing: /home/ymzz-tec/code/ros2_serial_control/install/turbojet_control/share/turbojet_control/package.dsv
[107.939s] -- Installing: /home/ymzz-tec/code/ros2_serial_control/install/turbojet_control/share/ament_index/resource_index/packages/turbojet_control
[107.939s] -- Installing: /home/ymzz-tec/code/ros2_serial_control/install/turbojet_control/share/turbojet_control/cmake/turbojet_controlConfig.cmake
[107.939s] -- Installing: /home/ymzz-tec/code/ros2_serial_control/install/turbojet_control/share/turbojet_control/cmake/turbojet_controlConfig-version.cmake
[107.939s] -- Installing: /home/ymzz-tec/code/ros2_serial_control/install/turbojet_control/share/turbojet_control/package.xml
[107.942s] Invoked command in '/home/ymzz-tec/code/ros2_serial_control/build/turbojet_control' returned '0': CMAKE_PREFIX_PATH=${CMAKE_PREFIX_PATH}:/opt/ros/humble /usr/bin/cmake --install /home/ymzz-tec/code/ros2_serial_control/build/turbojet_control
