[0.089s] DEBUG:colcon:Command line arguments: ['/usr/bin/colcon', 'build', '--packages-select', 'turbojet_control']
[0.089s] DEBUG:colcon:Parsed command line arguments: Namespace(log_base=None, log_level=None, verb_name='build', build_base='build', install_base='install', merge_install=False, symlink_install=False, test_result_base=None, continue_on_error=False, executor='parallel', parallel_workers=10, event_handlers=None, ignore_user_meta=False, metas=['./colcon.meta'], base_paths=['.'], packages_ignore=None, packages_ignore_regex=None, paths=None, packages_up_to=None, packages_up_to_regex=None, packages_above=None, packages_above_and_dependencies=None, packages_above_depth=None, packages_select_by_dep=None, packages_skip_by_dep=None, packages_skip_up_to=None, packages_select_build_failed=False, packages_skip_build_finished=False, packages_select_test_failures=False, packages_skip_test_passed=False, packages_select=['turbojet_control'], packages_skip=None, packages_select_regex=None, packages_skip_regex=None, packages_start=None, packages_end=None, allow_overriding=[], cmake_args=None, cmake_target=None, cmake_target_skip_unavailable=False, cmake_clean_cache=False, cmake_clean_first=False, cmake_force_configure=False, ament_cmake_args=None, catkin_cmake_args=None, catkin_skip_building_tests=False, verb_parser=<colcon_defaults.argument_parser.defaults.DefaultArgumentsDecorator object at 0x7a2ef4127a60>, verb_extension=<colcon_core.verb.build.BuildVerb object at 0x7a2ef4260e80>, main=<bound method BuildVerb.main of <colcon_core.verb.build.BuildVerb object at 0x7a2ef4260e80>>)
[0.196s] Level 1:colcon.colcon_core.package_discovery:discover_packages(colcon_meta) check parameters
[0.196s] Level 1:colcon.colcon_core.package_discovery:discover_packages(recursive) check parameters
[0.196s] Level 1:colcon.colcon_core.package_discovery:discover_packages(ignore) check parameters
[0.196s] Level 1:colcon.colcon_core.package_discovery:discover_packages(path) check parameters
[0.196s] Level 1:colcon.colcon_core.package_discovery:discover_packages(colcon_meta) discover
[0.196s] Level 1:colcon.colcon_core.package_discovery:discover_packages(recursive) discover
[0.196s] INFO:colcon.colcon_core.package_discovery:Crawling recursively for packages in '/home/ymzz-tec/code/ros2_serial_control'
[0.196s] Level 1:colcon.colcon_core.package_identification:_identify(.) by extensions ['ignore', 'ignore_ament_install']
[0.196s] Level 1:colcon.colcon_core.package_identification:_identify(.) by extension 'ignore'
[0.196s] Level 1:colcon.colcon_core.package_identification:_identify(.) by extension 'ignore_ament_install'
[0.196s] Level 1:colcon.colcon_core.package_identification:_identify(.) by extensions ['colcon_pkg']
[0.196s] Level 1:colcon.colcon_core.package_identification:_identify(.) by extension 'colcon_pkg'
[0.196s] Level 1:colcon.colcon_core.package_identification:_identify(.) by extensions ['colcon_meta']
[0.196s] Level 1:colcon.colcon_core.package_identification:_identify(.) by extension 'colcon_meta'
[0.196s] Level 1:colcon.colcon_core.package_identification:_identify(.) by extensions ['ros']
[0.196s] Level 1:colcon.colcon_core.package_identification:_identify(.) by extension 'ros'
[0.205s] Level 1:colcon.colcon_core.package_identification:_identify(.) by extensions ['cmake', 'python']
[0.205s] Level 1:colcon.colcon_core.package_identification:_identify(.) by extension 'cmake'
[0.205s] Level 1:colcon.colcon_core.package_identification:_identify(.) by extension 'python'
[0.205s] Level 1:colcon.colcon_core.package_identification:_identify(.) by extensions ['python_setup_py']
[0.205s] Level 1:colcon.colcon_core.package_identification:_identify(.) by extension 'python_setup_py'
[0.205s] Level 1:colcon.colcon_core.package_identification:_identify(build) by extensions ['ignore', 'ignore_ament_install']
[0.205s] Level 1:colcon.colcon_core.package_identification:_identify(build) by extension 'ignore'
[0.205s] Level 1:colcon.colcon_core.package_identification:_identify(build) ignored
[0.205s] Level 1:colcon.colcon_core.package_identification:_identify(install) by extensions ['ignore', 'ignore_ament_install']
[0.205s] Level 1:colcon.colcon_core.package_identification:_identify(install) by extension 'ignore'
[0.205s] Level 1:colcon.colcon_core.package_identification:_identify(install) ignored
[0.205s] Level 1:colcon.colcon_core.package_identification:_identify(log) by extensions ['ignore', 'ignore_ament_install']
[0.205s] Level 1:colcon.colcon_core.package_identification:_identify(log) by extension 'ignore'
[0.205s] Level 1:colcon.colcon_core.package_identification:_identify(log) ignored
[0.205s] Level 1:colcon.colcon_core.package_identification:_identify(src) by extensions ['ignore', 'ignore_ament_install']
[0.205s] Level 1:colcon.colcon_core.package_identification:_identify(src) by extension 'ignore'
[0.205s] Level 1:colcon.colcon_core.package_identification:_identify(src) by extension 'ignore_ament_install'
[0.206s] Level 1:colcon.colcon_core.package_identification:_identify(src) by extensions ['colcon_pkg']
[0.206s] Level 1:colcon.colcon_core.package_identification:_identify(src) by extension 'colcon_pkg'
[0.206s] Level 1:colcon.colcon_core.package_identification:_identify(src) by extensions ['colcon_meta']
[0.206s] Level 1:colcon.colcon_core.package_identification:_identify(src) by extension 'colcon_meta'
[0.206s] Level 1:colcon.colcon_core.package_identification:_identify(src) by extensions ['ros']
[0.206s] Level 1:colcon.colcon_core.package_identification:_identify(src) by extension 'ros'
[0.206s] Level 1:colcon.colcon_core.package_identification:_identify(src) by extensions ['cmake', 'python']
[0.206s] Level 1:colcon.colcon_core.package_identification:_identify(src) by extension 'cmake'
[0.206s] Level 1:colcon.colcon_core.package_identification:_identify(src) by extension 'python'
[0.206s] Level 1:colcon.colcon_core.package_identification:_identify(src) by extensions ['python_setup_py']
[0.206s] Level 1:colcon.colcon_core.package_identification:_identify(src) by extension 'python_setup_py'
[0.206s] Level 1:colcon.colcon_core.package_identification:_identify(src/turbojet_control) by extensions ['ignore', 'ignore_ament_install']
[0.206s] Level 1:colcon.colcon_core.package_identification:_identify(src/turbojet_control) by extension 'ignore'
[0.206s] Level 1:colcon.colcon_core.package_identification:_identify(src/turbojet_control) by extension 'ignore_ament_install'
[0.206s] Level 1:colcon.colcon_core.package_identification:_identify(src/turbojet_control) by extensions ['colcon_pkg']
[0.206s] Level 1:colcon.colcon_core.package_identification:_identify(src/turbojet_control) by extension 'colcon_pkg'
[0.206s] Level 1:colcon.colcon_core.package_identification:_identify(src/turbojet_control) by extensions ['colcon_meta']
[0.206s] Level 1:colcon.colcon_core.package_identification:_identify(src/turbojet_control) by extension 'colcon_meta'
[0.206s] Level 1:colcon.colcon_core.package_identification:_identify(src/turbojet_control) by extensions ['ros']
[0.206s] Level 1:colcon.colcon_core.package_identification:_identify(src/turbojet_control) by extension 'ros'
[0.211s] DEBUG:colcon.colcon_core.package_identification:Package 'src/turbojet_control' with type 'ros.ament_cmake' and name 'turbojet_control'
[0.212s] Level 1:colcon.colcon_core.package_discovery:discover_packages(recursive) using defaults
[0.212s] Level 1:colcon.colcon_core.package_discovery:discover_packages(ignore) discover
[0.212s] Level 1:colcon.colcon_core.package_discovery:discover_packages(ignore) using defaults
[0.212s] Level 1:colcon.colcon_core.package_discovery:discover_packages(path) discover
[0.212s] Level 1:colcon.colcon_core.package_discovery:discover_packages(path) using defaults
[0.235s] Level 1:colcon.colcon_core.package_discovery:discover_packages(prefix_path) check parameters
[0.235s] Level 1:colcon.colcon_core.package_discovery:discover_packages(prefix_path) discover
[0.237s] DEBUG:colcon.colcon_installed_package_information.package_discovery:Found 275 installed packages in /opt/ros/humble
[0.238s] Level 1:colcon.colcon_core.package_discovery:discover_packages(prefix_path) using defaults
[0.263s] Level 5:colcon.colcon_core.verb:set package 'turbojet_control' build argument 'cmake_args' from command line to 'None'
[0.263s] Level 5:colcon.colcon_core.verb:set package 'turbojet_control' build argument 'cmake_target' from command line to 'None'
[0.263s] Level 5:colcon.colcon_core.verb:set package 'turbojet_control' build argument 'cmake_target_skip_unavailable' from command line to 'False'
[0.263s] Level 5:colcon.colcon_core.verb:set package 'turbojet_control' build argument 'cmake_clean_cache' from command line to 'False'
[0.263s] Level 5:colcon.colcon_core.verb:set package 'turbojet_control' build argument 'cmake_clean_first' from command line to 'False'
[0.263s] Level 5:colcon.colcon_core.verb:set package 'turbojet_control' build argument 'cmake_force_configure' from command line to 'False'
[0.263s] Level 5:colcon.colcon_core.verb:set package 'turbojet_control' build argument 'ament_cmake_args' from command line to 'None'
[0.263s] Level 5:colcon.colcon_core.verb:set package 'turbojet_control' build argument 'catkin_cmake_args' from command line to 'None'
[0.263s] Level 5:colcon.colcon_core.verb:set package 'turbojet_control' build argument 'catkin_skip_building_tests' from command line to 'False'
[0.263s] DEBUG:colcon.colcon_core.verb:Building package 'turbojet_control' with the following arguments: {'ament_cmake_args': None, 'build_base': '/home/ymzz-tec/code/ros2_serial_control/build/turbojet_control', 'catkin_cmake_args': None, 'catkin_skip_building_tests': False, 'cmake_args': None, 'cmake_clean_cache': False, 'cmake_clean_first': False, 'cmake_force_configure': False, 'cmake_target': None, 'cmake_target_skip_unavailable': False, 'install_base': '/home/ymzz-tec/code/ros2_serial_control/install/turbojet_control', 'merge_install': False, 'path': '/home/ymzz-tec/code/ros2_serial_control/src/turbojet_control', 'symlink_install': False, 'test_result_base': None}
[0.263s] INFO:colcon.colcon_core.executor:Executing jobs using 'parallel' executor
[0.264s] DEBUG:colcon.colcon_parallel_executor.executor.parallel:run_until_complete
[0.264s] INFO:colcon.colcon_ros.task.ament_cmake.build:Building ROS package in '/home/ymzz-tec/code/ros2_serial_control/src/turbojet_control' with build type 'ament_cmake'
[0.264s] INFO:colcon.colcon_cmake.task.cmake.build:Building CMake package in '/home/ymzz-tec/code/ros2_serial_control/src/turbojet_control'
[0.266s] INFO:colcon.colcon_core.plugin_system:Skipping extension 'colcon_core.shell.bat': Not used on non-Windows systems
[0.266s] INFO:colcon.colcon_core.shell:Skip shell extension 'powershell' for command environment: Not usable outside of PowerShell
[0.266s] DEBUG:colcon.colcon_core.shell:Skip shell extension 'dsv' for command environment
[0.272s] DEBUG:colcon.colcon_core.event_handler.log_command:Invoking command in '/home/ymzz-tec/code/ros2_serial_control/build/turbojet_control': CMAKE_PREFIX_PATH=/opt/ros/humble CONDA_PROMPT_MODIFIER=(base) /usr/bin/cmake --build /home/ymzz-tec/code/ros2_serial_control/build/turbojet_control -- -j10 -l10
[4.791s] DEBUG:colcon.colcon_core.event_handler.log_command:Invoked command in '/home/ymzz-tec/code/ros2_serial_control/build/turbojet_control' returned '0': CMAKE_PREFIX_PATH=/opt/ros/humble CONDA_PROMPT_MODIFIER=(base) /usr/bin/cmake --build /home/ymzz-tec/code/ros2_serial_control/build/turbojet_control -- -j10 -l10
[4.798s] DEBUG:colcon.colcon_core.event_handler.log_command:Invoking command in '/home/ymzz-tec/code/ros2_serial_control/build/turbojet_control': CMAKE_PREFIX_PATH=/opt/ros/humble CONDA_PROMPT_MODIFIER=(base) /usr/bin/cmake --install /home/ymzz-tec/code/ros2_serial_control/build/turbojet_control
[4.807s] Level 1:colcon.colcon_core.environment:create_environment_scripts_only(turbojet_control)
[4.807s] DEBUG:colcon.colcon_core.event_handler.log_command:Invoked command in '/home/ymzz-tec/code/ros2_serial_control/build/turbojet_control' returned '0': CMAKE_PREFIX_PATH=/opt/ros/humble CONDA_PROMPT_MODIFIER=(base) /usr/bin/cmake --install /home/ymzz-tec/code/ros2_serial_control/build/turbojet_control
[4.809s] Level 1:colcon.colcon_core.environment:checking '/home/ymzz-tec/code/ros2_serial_control/install/turbojet_control' for CMake module files
[4.809s] Level 1:colcon.colcon_core.environment:checking '/home/ymzz-tec/code/ros2_serial_control/install/turbojet_control' for CMake config files
[4.809s] Level 1:colcon.colcon_core.shell:create_environment_hook('turbojet_control', 'cmake_prefix_path')
[4.809s] INFO:colcon.colcon_core.shell:Creating environment hook '/home/ymzz-tec/code/ros2_serial_control/install/turbojet_control/share/turbojet_control/hook/cmake_prefix_path.ps1'
[4.810s] INFO:colcon.colcon_core.shell:Creating environment descriptor '/home/ymzz-tec/code/ros2_serial_control/install/turbojet_control/share/turbojet_control/hook/cmake_prefix_path.dsv'
[4.810s] INFO:colcon.colcon_core.shell:Creating environment hook '/home/ymzz-tec/code/ros2_serial_control/install/turbojet_control/share/turbojet_control/hook/cmake_prefix_path.sh'
[4.810s] Level 1:colcon.colcon_core.environment:checking '/home/ymzz-tec/code/ros2_serial_control/install/turbojet_control/lib'
[4.811s] Level 1:colcon.colcon_core.environment:checking '/home/ymzz-tec/code/ros2_serial_control/install/turbojet_control/bin'
[4.811s] Level 1:colcon.colcon_core.environment:checking '/home/ymzz-tec/code/ros2_serial_control/install/turbojet_control/lib/pkgconfig/turbojet_control.pc'
[4.811s] Level 1:colcon.colcon_core.environment:checking '/home/ymzz-tec/code/ros2_serial_control/install/turbojet_control/lib/python3.10/site-packages'
[4.811s] Level 1:colcon.colcon_core.environment:checking '/home/ymzz-tec/code/ros2_serial_control/install/turbojet_control/bin'
[4.811s] INFO:colcon.colcon_core.shell:Creating package script '/home/ymzz-tec/code/ros2_serial_control/install/turbojet_control/share/turbojet_control/package.ps1'
[4.812s] INFO:colcon.colcon_core.shell:Creating package descriptor '/home/ymzz-tec/code/ros2_serial_control/install/turbojet_control/share/turbojet_control/package.dsv'
[4.812s] INFO:colcon.colcon_core.shell:Creating package script '/home/ymzz-tec/code/ros2_serial_control/install/turbojet_control/share/turbojet_control/package.sh'
[4.813s] INFO:colcon.colcon_core.shell:Creating package script '/home/ymzz-tec/code/ros2_serial_control/install/turbojet_control/share/turbojet_control/package.bash'
[4.813s] INFO:colcon.colcon_core.shell:Creating package script '/home/ymzz-tec/code/ros2_serial_control/install/turbojet_control/share/turbojet_control/package.zsh'
[4.814s] Level 1:colcon.colcon_core.environment:create_file_with_runtime_dependencies(/home/ymzz-tec/code/ros2_serial_control/install/turbojet_control/share/colcon-core/packages/turbojet_control)
[4.814s] Level 1:colcon.colcon_core.environment:create_environment_scripts_only(turbojet_control)
[4.814s] Level 1:colcon.colcon_core.environment:checking '/home/ymzz-tec/code/ros2_serial_control/install/turbojet_control' for CMake module files
[4.814s] Level 1:colcon.colcon_core.environment:checking '/home/ymzz-tec/code/ros2_serial_control/install/turbojet_control' for CMake config files
[4.814s] Level 1:colcon.colcon_core.shell:create_environment_hook('turbojet_control', 'cmake_prefix_path')
[4.814s] INFO:colcon.colcon_core.shell:Creating environment hook '/home/ymzz-tec/code/ros2_serial_control/install/turbojet_control/share/turbojet_control/hook/cmake_prefix_path.ps1'
[4.814s] INFO:colcon.colcon_core.shell:Creating environment descriptor '/home/ymzz-tec/code/ros2_serial_control/install/turbojet_control/share/turbojet_control/hook/cmake_prefix_path.dsv'
[4.815s] INFO:colcon.colcon_core.shell:Creating environment hook '/home/ymzz-tec/code/ros2_serial_control/install/turbojet_control/share/turbojet_control/hook/cmake_prefix_path.sh'
[4.815s] Level 1:colcon.colcon_core.environment:checking '/home/ymzz-tec/code/ros2_serial_control/install/turbojet_control/lib'
[4.815s] Level 1:colcon.colcon_core.environment:checking '/home/ymzz-tec/code/ros2_serial_control/install/turbojet_control/bin'
[4.815s] Level 1:colcon.colcon_core.environment:checking '/home/ymzz-tec/code/ros2_serial_control/install/turbojet_control/lib/pkgconfig/turbojet_control.pc'
[4.815s] Level 1:colcon.colcon_core.environment:checking '/home/ymzz-tec/code/ros2_serial_control/install/turbojet_control/lib/python3.10/site-packages'
[4.815s] Level 1:colcon.colcon_core.environment:checking '/home/ymzz-tec/code/ros2_serial_control/install/turbojet_control/bin'
[4.815s] INFO:colcon.colcon_core.shell:Creating package script '/home/ymzz-tec/code/ros2_serial_control/install/turbojet_control/share/turbojet_control/package.ps1'
[4.815s] INFO:colcon.colcon_core.shell:Creating package descriptor '/home/ymzz-tec/code/ros2_serial_control/install/turbojet_control/share/turbojet_control/package.dsv'
[4.816s] INFO:colcon.colcon_core.shell:Creating package script '/home/ymzz-tec/code/ros2_serial_control/install/turbojet_control/share/turbojet_control/package.sh'
[4.816s] INFO:colcon.colcon_core.shell:Creating package script '/home/ymzz-tec/code/ros2_serial_control/install/turbojet_control/share/turbojet_control/package.bash'
[4.816s] INFO:colcon.colcon_core.shell:Creating package script '/home/ymzz-tec/code/ros2_serial_control/install/turbojet_control/share/turbojet_control/package.zsh'
[4.816s] Level 1:colcon.colcon_core.environment:create_file_with_runtime_dependencies(/home/ymzz-tec/code/ros2_serial_control/install/turbojet_control/share/colcon-core/packages/turbojet_control)
[4.816s] DEBUG:colcon.colcon_parallel_executor.executor.parallel:closing loop
[4.816s] DEBUG:colcon.colcon_parallel_executor.executor.parallel:loop closed
[4.816s] DEBUG:colcon.colcon_parallel_executor.executor.parallel:run_until_complete finished with '0'
[4.816s] DEBUG:colcon.colcon_core.event_reactor:joining thread
[4.821s] INFO:colcon.colcon_core.plugin_system:Skipping extension 'colcon_notification.desktop_notification.terminal_notifier': Not used on non-Darwin systems
[4.821s] INFO:colcon.colcon_core.plugin_system:Skipping extension 'colcon_notification.desktop_notification.win32': Not used on non-Windows systems
[4.821s] INFO:colcon.colcon_notification.desktop_notification:Sending desktop notification using 'notify2'
[4.829s] DEBUG:colcon.colcon_core.event_reactor:joined thread
[4.829s] INFO:colcon.colcon_core.shell:Creating prefix script '/home/ymzz-tec/code/ros2_serial_control/install/local_setup.ps1'
[4.830s] INFO:colcon.colcon_core.shell:Creating prefix util module '/home/ymzz-tec/code/ros2_serial_control/install/_local_setup_util_ps1.py'
[4.831s] INFO:colcon.colcon_core.shell:Creating prefix chain script '/home/ymzz-tec/code/ros2_serial_control/install/setup.ps1'
[4.831s] INFO:colcon.colcon_core.shell:Creating prefix script '/home/ymzz-tec/code/ros2_serial_control/install/local_setup.sh'
[4.832s] INFO:colcon.colcon_core.shell:Creating prefix util module '/home/ymzz-tec/code/ros2_serial_control/install/_local_setup_util_sh.py'
[4.832s] INFO:colcon.colcon_core.shell:Creating prefix chain script '/home/ymzz-tec/code/ros2_serial_control/install/setup.sh'
[4.833s] INFO:colcon.colcon_core.shell:Creating prefix script '/home/ymzz-tec/code/ros2_serial_control/install/local_setup.bash'
[4.833s] INFO:colcon.colcon_core.shell:Creating prefix chain script '/home/ymzz-tec/code/ros2_serial_control/install/setup.bash'
[4.833s] INFO:colcon.colcon_core.shell:Creating prefix script '/home/ymzz-tec/code/ros2_serial_control/install/local_setup.zsh'
[4.833s] INFO:colcon.colcon_core.shell:Creating prefix chain script '/home/ymzz-tec/code/ros2_serial_control/install/setup.zsh'
