[0.012s] Invoking command in '/home/ymzz-tec/code/ros2_serial_control/build/turbojet_control': CMAKE_PREFIX_PATH=/opt/ros/humble CONDA_PROMPT_MODIFIER=(base) /usr/bin/cmake --build /home/ymzz-tec/code/ros2_serial_control/build/turbojet_control -- -j10 -l10
[0.061s] [35m[1mConsolidate compiler generated dependencies of target signal_generator[0m
[0.065s] [35m[1mConsolidate compiler generated dependencies of target serial_comm[0m
[0.077s] [ 50%] Built target signal_generator
[0.087s] [100%] Built target serial_comm
[0.095s] Invoked command in '/home/ymzz-tec/code/ros2_serial_control/build/turbojet_control' returned '0': CMAKE_PREFIX_PATH=/opt/ros/humble CONDA_PROMPT_MODIFIER=(base) /usr/bin/cmake --build /home/ymzz-tec/code/ros2_serial_control/build/turbojet_control -- -j10 -l10
[0.103s] Invoking command in '/home/ymzz-tec/code/ros2_serial_control/build/turbojet_control': CMAKE_PREFIX_PATH=/opt/ros/humble CONDA_PROMPT_MODIFIER=(base) /usr/bin/cmake --install /home/ymzz-tec/code/ros2_serial_control/build/turbojet_control
[0.108s] -- Install configuration: ""
[0.108s] -- Up-to-date: /home/ymzz-tec/code/ros2_serial_control/install/turbojet_control/lib/turbojet_control/signal_generator
[0.108s] -- Up-to-date: /home/ymzz-tec/code/ros2_serial_control/install/turbojet_control/lib/turbojet_control/serial_comm
[0.108s] -- Up-to-date: /home/ymzz-tec/code/ros2_serial_control/install/turbojet_control/share/turbojet_control//launch
[0.108s] -- Installing: /home/ymzz-tec/code/ros2_serial_control/install/turbojet_control/share/turbojet_control//launch/turbojet_control.launch.py
[0.109s] -- Up-to-date: /home/ymzz-tec/code/ros2_serial_control/install/turbojet_control/share/turbojet_control//params
[0.109s] -- Up-to-date: /home/ymzz-tec/code/ros2_serial_control/install/turbojet_control/share/turbojet_control//params/serial_params.yaml
[0.109s] -- Up-to-date: /home/ymzz-tec/code/ros2_serial_control/install/turbojet_control/include/turbojet_control
[0.109s] -- Up-to-date: /home/ymzz-tec/code/ros2_serial_control/install/turbojet_control/include/turbojet_control/signal_generator.hpp
[0.109s] -- Up-to-date: /home/ymzz-tec/code/ros2_serial_control/install/turbojet_control/include/turbojet_control/serial_comm.hpp
[0.109s] -- Up-to-date: /home/ymzz-tec/code/ros2_serial_control/install/turbojet_control/share/ament_index/resource_index/package_run_dependencies/turbojet_control
[0.109s] -- Up-to-date: /home/ymzz-tec/code/ros2_serial_control/install/turbojet_control/share/ament_index/resource_index/parent_prefix_path/turbojet_control
[0.109s] -- Up-to-date: /home/ymzz-tec/code/ros2_serial_control/install/turbojet_control/share/turbojet_control/environment/ament_prefix_path.sh
[0.109s] -- Up-to-date: /home/ymzz-tec/code/ros2_serial_control/install/turbojet_control/share/turbojet_control/environment/ament_prefix_path.dsv
[0.109s] -- Up-to-date: /home/ymzz-tec/code/ros2_serial_control/install/turbojet_control/share/turbojet_control/environment/path.sh
[0.109s] -- Up-to-date: /home/ymzz-tec/code/ros2_serial_control/install/turbojet_control/share/turbojet_control/environment/path.dsv
[0.109s] -- Up-to-date: /home/ymzz-tec/code/ros2_serial_control/install/turbojet_control/share/turbojet_control/local_setup.bash
[0.109s] -- Up-to-date: /home/ymzz-tec/code/ros2_serial_control/install/turbojet_control/share/turbojet_control/local_setup.sh
[0.109s] -- Up-to-date: /home/ymzz-tec/code/ros2_serial_control/install/turbojet_control/share/turbojet_control/local_setup.zsh
[0.109s] -- Up-to-date: /home/ymzz-tec/code/ros2_serial_control/install/turbojet_control/share/turbojet_control/local_setup.dsv
[0.109s] -- Installing: /home/ymzz-tec/code/ros2_serial_control/install/turbojet_control/share/turbojet_control/package.dsv
[0.109s] -- Up-to-date: /home/ymzz-tec/code/ros2_serial_control/install/turbojet_control/share/ament_index/resource_index/packages/turbojet_control
[0.109s] -- Up-to-date: /home/ymzz-tec/code/ros2_serial_control/install/turbojet_control/share/turbojet_control/cmake/turbojet_controlConfig.cmake
[0.109s] -- Up-to-date: /home/ymzz-tec/code/ros2_serial_control/install/turbojet_control/share/turbojet_control/cmake/turbojet_controlConfig-version.cmake
[0.109s] -- Up-to-date: /home/ymzz-tec/code/ros2_serial_control/install/turbojet_control/share/turbojet_control/package.xml
[0.111s] Invoked command in '/home/ymzz-tec/code/ros2_serial_control/build/turbojet_control' returned '0': CMAKE_PREFIX_PATH=/opt/ros/humble CONDA_PROMPT_MODIFIER=(base) /usr/bin/cmake --install /home/ymzz-tec/code/ros2_serial_control/build/turbojet_control
