[35m[1mConsolidate compiler generated dependencies of target signal_generator[0m
[35m[1mConsolidate compiler generated dependencies of target serial_comm[0m
[ 25%] [32mBuilding CXX object CMakeFiles/signal_generator.dir/src/signal_generator.cpp.o[0m
[ 75%] Built target serial_comm
[100%] [32m[1mLinking CXX executable signal_generator[0m
[100%] Built target signal_generator
-- Install configuration: ""
-- Installing: /home/ymzz-tec/code/ros2_serial_control/install/turbojet_control/lib/turbojet_control/signal_generator
-- Set runtime path of "/home/ymzz-tec/code/ros2_serial_control/install/turbojet_control/lib/turbojet_control/signal_generator" to ""
-- Up-to-date: /home/ymzz-tec/code/ros2_serial_control/install/turbojet_control/lib/turbojet_control/serial_comm
-- Up-to-date: /home/ymzz-tec/code/ros2_serial_control/install/turbojet_control/share/turbojet_control//launch
-- Up-to-date: /home/ymzz-tec/code/ros2_serial_control/install/turbojet_control/share/turbojet_control//launch/turbojet_control.launch.py
-- Up-to-date: /home/ymzz-tec/code/ros2_serial_control/install/turbojet_control/share/turbojet_control//params
-- Up-to-date: /home/ymzz-tec/code/ros2_serial_control/install/turbojet_control/share/turbojet_control//params/serial_params.yaml
-- Up-to-date: /home/ymzz-tec/code/ros2_serial_control/install/turbojet_control/include/turbojet_control
-- Up-to-date: /home/ymzz-tec/code/ros2_serial_control/install/turbojet_control/include/turbojet_control/signal_generator.hpp
-- Up-to-date: /home/ymzz-tec/code/ros2_serial_control/install/turbojet_control/include/turbojet_control/serial_comm.hpp
-- Up-to-date: /home/ymzz-tec/code/ros2_serial_control/install/turbojet_control/share/ament_index/resource_index/package_run_dependencies/turbojet_control
-- Up-to-date: /home/ymzz-tec/code/ros2_serial_control/install/turbojet_control/share/ament_index/resource_index/parent_prefix_path/turbojet_control
-- Up-to-date: /home/ymzz-tec/code/ros2_serial_control/install/turbojet_control/share/turbojet_control/environment/ament_prefix_path.sh
-- Up-to-date: /home/ymzz-tec/code/ros2_serial_control/install/turbojet_control/share/turbojet_control/environment/ament_prefix_path.dsv
-- Up-to-date: /home/ymzz-tec/code/ros2_serial_control/install/turbojet_control/share/turbojet_control/environment/path.sh
-- Up-to-date: /home/ymzz-tec/code/ros2_serial_control/install/turbojet_control/share/turbojet_control/environment/path.dsv
-- Up-to-date: /home/ymzz-tec/code/ros2_serial_control/install/turbojet_control/share/turbojet_control/local_setup.bash
-- Up-to-date: /home/ymzz-tec/code/ros2_serial_control/install/turbojet_control/share/turbojet_control/local_setup.sh
-- Up-to-date: /home/ymzz-tec/code/ros2_serial_control/install/turbojet_control/share/turbojet_control/local_setup.zsh
-- Up-to-date: /home/ymzz-tec/code/ros2_serial_control/install/turbojet_control/share/turbojet_control/local_setup.dsv
-- Installing: /home/ymzz-tec/code/ros2_serial_control/install/turbojet_control/share/turbojet_control/package.dsv
-- Up-to-date: /home/ymzz-tec/code/ros2_serial_control/install/turbojet_control/share/ament_index/resource_index/packages/turbojet_control
-- Up-to-date: /home/ymzz-tec/code/ros2_serial_control/install/turbojet_control/share/turbojet_control/cmake/turbojet_controlConfig.cmake
-- Up-to-date: /home/ymzz-tec/code/ros2_serial_control/install/turbojet_control/share/turbojet_control/cmake/turbojet_controlConfig-version.cmake
-- Up-to-date: /home/ymzz-tec/code/ros2_serial_control/install/turbojet_control/share/turbojet_control/package.xml
